<?xml version="1.0" encoding="UTF-8"?>
<!-- Generated by org.testng.reporters.JUnitReportReporter -->
<testsuite hostname="DESKTOP-7361HHS" failures="0" tests="1" name="files.DynamicJson" time="7.274" errors="0" timestamp="2023-05-21T16:29:05 IST" skipped="0">
  <testcase classname="files.DynamicJson" name="addBook" time="7.274"/>
  <system-out/>
</testsuite> <!-- files.DynamicJson -->
