<?xml version="1.0" encoding="UTF-8"?>
<!-- Generated by org.testng.reporters.JUnitReportReporter -->
<testsuite hostname="DESKTOP-7361HHS" failures="0" tests="1" name="sum_validation" time="4.217" errors="0" timestamp="2023-05-17T10:05:14 IST" skipped="0">
  <testcase classname="sum_validation" name="sum_validation" time="4.217"/>
  <system-out/>
</testsuite> <!-- sum_validation -->
